00001       00000.10000    000.0000       0
00002       00000.20000    000.4000       1
00003       00000.30000    000.8000       1
00004       00000.40000    001.2000       1
00005       00000.50000    001.6000       1
00006       00000.60000    002.0000       1
00007       00000.70000    002.4000       1
00008       00000.80000    002.8000       1
00009       00000.90000    003.2000       1
00010       00001.00000    003.6000       1
00011       00001.10000    004.0000       1
00012       00001.20000    004.4000       1
00013       00001.30000    004.8000       1
00014       00001.40000    005.2000       1
00015       00001.50000    005.6000       1
00016       00001.60000    006.0000       1
00017       00001.70000    006.4000       1
00018       00001.80000    006.8000       1
00019       00001.90000    007.2000       1
00020       00002.00000    007.6000       1
00021       00002.10000    008.0000       1
00022       00002.20000    008.4000       1
00023       00002.30000    008.8000       1
00024       00002.40000    009.2000       1
00025       00002.50000    009.6000       1
00026       00002.60000    010.0000       1
00027       00002.70000    010.4000       1
00028       00002.80000    010.8000       1
00029       00002.90000    011.2000       1
00030       00003.00000    011.6000       1
00031       00003.10000    012.0000       1
00032       00003.20000    012.4000       1
00033       00003.30000    012.8000       1
00034       00003.40000    013.2000       1
00035       00003.50000    013.6000       1
00036       00003.60000    014.0000       1
00037       00003.70000    014.4000       1
00038       00003.80000    014.8000       1
00039       00003.90000    015.2000       1
00040       00004.00000    015.6000       1
00041       00004.10000    016.0000       1
00042       00004.20000    016.4000       1
00043       00004.30000    016.8000       1
00044       00004.40000    017.2000       1
00045       00004.50000    017.6000       1
00046       00004.60000    018.0000       1
00047       00004.70000    018.4000       1
00048       00004.80000    018.8000       1
00049       00004.90000    019.2000       1
00050       00005.00000    019.6000       1
00051       00005.10000    020.0000       1
00052       00005.20000    020.4000       1
00053       00005.30000    020.8000       1
00054       00005.40000    021.2000       1
00055       00005.50000    021.6000       1
00056       00005.60000    022.0000       1
00057       00005.70000    022.4000       1
00058       00005.80000    022.8000       1
00059       00005.90000    023.2000       1
00060       00006.00000    023.6000       1
00061       00006.10000    024.0000       1
00062       00006.20000    024.4000       1
00063       00006.30000    024.8000       1
00064       00006.40000    025.2000       1
00065       00006.50000    025.6000       1
00066       00006.60000    026.0000       1
00067       00006.70000    026.4000       1
00068       00006.80000    026.8000       1
00069       00006.90000    027.2000       1
00070       00007.00000    027.6000       1
00071       00007.10000    028.0000       1
00072       00007.20000    028.4000       1
00073       00007.30000    028.8000       1
00074       00007.40000    029.2000       1
00075       00007.50000    029.6000       1
00076       00007.60000    030.0000       1
00077       00007.70000    030.4000       1
00078       00007.80000    030.8000       1
00079       00007.90000    031.2000       1
00080       00008.00000    031.6000       1
00081       00008.10000    032.0000       1
00082       00008.20000    032.4000       1
00083       00008.30000    032.8000       1
00084       00008.40000    033.2000       1
00085       00008.50000    033.6000       1
00086       00008.60000    034.0000       1
00087       00008.70000    034.4000       1
00088       00008.80000    034.8000       1
00089       00008.90000    035.2000       1
00090       00009.00000    035.6000       1
00091       00009.10000    036.0000       1
00092       00009.20000    036.4000       1
00093       00009.30000    036.8000       1
00094       00009.40000    037.2000       1
00095       00009.50000    037.6000       1
00096       00009.60000    038.0000       1
00097       00009.70000    038.4000       1
00098       00009.80000    038.8000       1
00099       00009.90000    039.2000       1
00100       00010.00000    039.6000       1
00101       00010.10000    040.0000       1
00102       00010.20000    040.4000       1
00103       00010.30000    040.8000       1
00104       00010.40000    041.2000       1
00105       00010.50000    041.6000       1
00106       00010.60000    042.0000       1
00107       00010.70000    042.4000       1
00108       00010.80000    042.8000       1
00109       00010.90000    043.2000       1
00110       00011.00000    043.6000       1
00111       00011.10000    044.0000       1
00112       00011.20000    044.4000       1
00113       00011.30000    044.8000       1
00114       00011.40000    045.2000       1
00115       00011.50000    045.6000       1
00116       00011.60000    046.0000       1
00117       00011.70000    046.4000       1
00118       00011.80000    046.8000       1
00119       00011.90000    047.2000       1
00120       00012.00000    047.6000       1
00121       00012.10000    048.0000       1
00122       00012.20000    048.4000       1
00123       00012.30000    048.8000       1
00124       00012.40000    049.2000       1
00125       00012.50000    049.6000       1
00126       00012.60000    050.0000       1
00127       00012.70000    050.4000       1
00128       00012.80000    050.8000       1
00129       00012.90000    051.2000       1
00130       00013.00000    051.6000       1
00131       00013.10000    052.0000       1
00132       00013.20000    052.4000       1
00133       00013.30000    052.8000       1
00134       00013.40000    053.2000       1
00135       00013.50000    053.6000       1
00136       00013.60000    054.0000       1
00137       00013.70000    054.4000       1
00138       00013.80000    054.8000       1
00139       00013.90000    055.2000       1
00140       00014.00000    055.6000       1
00141       00014.10000    056.0000       1
00142       00014.20000    056.4000       1
00143       00014.30000    056.8000       1
00144       00014.40000    057.2000       1
00145       00014.50000    057.6000       1
00146       00014.60000    058.0000       1
00147       00014.70000    058.4000       1
00148       00014.80000    058.8000       1
00149       00014.90000    059.2000       1
00150       00015.00000    059.6000       1
00151       00015.10000    060.0000       1
00152       00015.20000    060.4000       1
00153       00015.30000    060.8000       1
00154       00015.40000    061.2000       1
00155       00015.50000    061.6000       1
00156       00015.60000    062.0000       1
00157       00015.70000    062.4000       1
00158       00015.80000    062.8000       1
00159       00015.90000    063.2000       1
00160       00016.00000    063.6000       1
00161       00016.10000    064.0000       1
00162       00016.20000    064.4000       1
00163       00016.30000    064.8000       1
00164       00016.40000    065.2000       1
00165       00016.50000    065.6000       1
00166       00016.60000    066.0000       1
00167       00016.70000    066.4000       1
00168       00016.80000    066.8000       1
00169       00016.90000    067.2000       1
00170       00017.00000    067.6000       1
00171       00017.10000    068.0000       1
00172       00017.20000    068.4000       1
00173       00017.30000    068.8000       1
00174       00017.40000    069.2000       1
00175       00017.50000    069.6000       1
00176       00017.60000    070.0000       1
00177       00017.70000    070.4000       1
00178       00017.80000    070.8000       1
00179       00017.90000    071.2000       1
00180       00018.00000    071.6000       1
00181       00018.10000    072.0000       1
00182       00018.20000    072.4000       1
00183       00018.30000    072.8000       1
00184       00018.40000    073.2000       1
00185       00018.50000    073.6000       1
00186       00018.60000    074.0000       1
00187       00018.70000    074.4000       1
00188       00018.80000    074.8000       1
00189       00018.90000    075.2000       1
00190       00019.00000    075.6000       1
00191       00019.10000    076.0000       1
00192       00019.20000    076.4000       1
00193       00019.30000    076.8000       1
00194       00019.40000    077.2000       1
00195       00019.50000    077.6000       1
00196       00019.60000    078.0000       1
00197       00019.70000    078.4000       1
00198       00019.80000    078.8000       1
00199       00019.90000    079.2000       1
00200       00020.00000    079.6000       1
00201       00020.10000    080.0000       1
00202       00020.20000    080.4000       1
00203       00020.30000    080.8000       1
00204       00020.40000    081.2000       1
00205       00020.50000    081.6000       1
00206       00020.60000    082.0000       1
00207       00020.70000    082.4000       1
00208       00020.80000    082.8000       1
00209       00020.90000    083.2000       1
00210       00021.00000    083.6000       1
00211       00021.10000    084.0000       1
00212       00021.20000    084.4000       1
00213       00021.30000    084.8000       1
00214       00021.40000    085.2000       1
00215       00021.50000    085.6000       1
00216       00021.60000    086.0000       1
00217       00021.70000    086.4000       1
00218       00021.80000    086.8000       1
00219       00021.90000    087.2000       1
00220       00022.00000    087.6000       1
00221       00022.10000    088.0000       1
00222       00022.20000    088.4000       1
00223       00022.30000    088.8000       1
00224       00022.40000    089.2000       1
00225       00022.50000    089.6000       1
00226       00022.60000    090.0000       1
00227       00022.70000    090.4000       1
00228       00022.80000    090.8000       1
00229       00022.90000    091.2000       1
00230       00023.00000    091.6000       1
00231       00023.10000    092.0000       1
00232       00023.20000    092.4000       1
00233       00023.30000    092.8000       1
00234       00023.40000    093.2000       1
00235       00023.50000    093.6000       1
00236       00023.60000    094.0000       1
00237       00023.70000    094.4000       1
00238       00023.80000    094.8000       1
00239       00023.90000    095.2000       1
00240       00024.00000    095.6000       1
00241       00024.10000    096.0000       1
00242       00024.20000    096.4000       1
00243       00024.30000    096.8000       1
00244       00024.40000    097.2000       1
00245       00024.50000    097.6000       1
00246       00024.60000    098.0000       1
00247       00024.70000    098.4000       1
00248       00024.80000    098.8000       1
00249       00024.90000    099.2000       1
00250       00025.00000    099.6000       1
00251       00025.10000    100.0000       1
00252       00025.20000    100.4000       1
00253       00025.30000    100.8000       1
00254       00025.40000    101.2000       1
00255       00025.50000    101.6000       1
00256       00025.60000    102.0000       1
00257       00025.70000    102.4000       1
00258       00025.80000    102.8000       1
00259       00025.90000    103.2000       1
00260       00026.00000    103.6000       1
00261       00026.10000    104.0000       1
00262       00026.20000    104.4000       1
00263       00026.30000    104.8000       1
00264       00026.40000    105.2000       1
00265       00026.50000    105.6000       1
00266       00026.60000    106.0000       1
00267       00026.70000    106.4000       1
00268       00026.80000    106.8000       1
00269       00026.90000    107.2000       1
00270       00027.00000    107.6000       1
00271       00027.10000    108.0000       1
00272       00027.20000    108.4000       1
00273       00027.30000    108.8000       1
00274       00027.40000    109.2000       1
00275       00027.50000    109.6000       1
00276       00027.60000    110.0000       1
00277       00027.70000    110.4000       1
00278       00027.80000    110.8000       1
00279       00027.90000    111.2000       1
00280       00028.00000    111.6000       1
00281       00028.10000    112.0000       1
00282       00028.20000    112.4000       1
00283       00028.30000    112.8000       1
00284       00028.40000    113.2000       1
00285       00028.50000    113.6000       1
00286       00028.60000    114.0000       1
00287       00028.70000    114.4000       1
00288       00028.80000    114.8000       1
00289       00028.90000    115.2000       1
00290       00029.00000    115.6000       1
00291       00029.10000    116.0000       1
00292       00029.20000    116.4000       1
00293       00029.30000    116.8000       1
00294       00029.40000    117.2000       1
00295       00029.50000    117.6000       1
00296       00029.60000    118.0000       1
00297       00029.70000    118.4000       1
00298       00029.80000    118.8000       1
00299       00029.90000    119.2000       1
00300       00030.00000    119.6000       1
00301       00030.10000    120.0000       1
00302       00030.20000    120.4000       1
00303       00030.30000    120.8000       1
00304       00030.40000    121.2000       1
00305       00030.50000    121.6000       1
00306       00030.60000    122.0000       1
00307       00030.70000    122.4000       1
00308       00030.80000    122.8000       1
00309       00030.90000    123.2000       1
00310       00031.00000    123.6000       1
00311       00031.10000    124.0000       1
00312       00031.20000    124.4000       1
00313       00031.30000    124.8000       1
00314       00031.40000    125.2000       1
00315       00031.50000    125.6000       1
00316       00031.60000    126.0000       1
00317       00031.70000    126.4000       1
00318       00031.80000    126.8000       1
00319       00031.90000    127.2000       1
00320       00032.00000    127.6000       1
00321       00032.10000    128.0000       1
00322       00032.20000    128.4000       1
00323       00032.30000    128.8000       1
00324       00032.40000    129.2000       1
00325       00032.50000    129.6000       1
00326       00032.60000    130.0000       1
00327       00032.70000    130.4000       1
00328       00032.80000    130.8000       1
00329       00032.90000    131.2000       1
00330       00033.00000    131.6000       1
00331       00033.10000    132.0000       1
00332       00033.20000    132.4000       1
00333       00033.30000    132.8000       1
00334       00033.40000    133.2000       1
00335       00033.50000    133.6000       1
00336       00033.60000    134.0000       1
00337       00033.70000    134.4000       1
00338       00033.80000    134.8000       1
00339       00033.90000    135.2000       1
00340       00034.00000    135.6000       1
00341       00034.10000    136.0000       1
00342       00034.20000    136.4000       1
00343       00034.30000    136.8000       1
00344       00034.40000    137.2000       1
00345       00034.50000    137.6000       1
00346       00034.60000    138.0000       1
00347       00034.70000    138.4000       1
00348       00034.80000    138.8000       1
00349       00034.90000    139.2000       1
00350       00035.00000    139.6000       1
00351       00035.10000    140.0000       1
00352       00035.20000    140.4000       1
00353       00035.30000    140.8000       1
00354       00035.40000    141.2000       1
00355       00035.50000    141.6000       1
00356       00035.60000    142.0000       1
00357       00035.70000    142.4000       1
00358       00035.80000    142.8000       1
00359       00035.90000    143.2000       1
00360       00036.00000    143.6000       1
00361       00036.10000    144.0000       1
00362       00036.20000    144.4000       1
00363       00036.30000    144.8000       1
00364       00036.40000    145.2000       1
00365       00036.50000    145.6000       1
00366       00036.60000    146.0000       1
00367       00036.70000    146.4000       1
00368       00036.80000    146.8000       1
00369       00036.90000    147.2000       1
00370       00037.00000    147.6000       1
00371       00037.10000    148.0000       1
00372       00037.20000    148.4000       1
00373       00037.30000    148.8000       1
00374       00037.40000    149.2000       1
00375       00037.50000    149.6000       1
00376       00037.60000    150.0000       1
00377       00037.70000    150.4000       1
00378       00037.80000    150.8000       1
00379       00037.90000    151.2000       1
00380       00038.00000    151.6000       1
00381       00038.10000    152.0000       1
00382       00038.20000    152.4000       1
00383       00038.30000    152.8000       1
00384       00038.40000    153.2000       1
00385       00038.50000    153.6000       1
00386       00038.60000    154.0000       1
00387       00038.70000    154.4000       1
00388       00038.80000    154.8000       1
00389       00038.90000    155.2000       1
00390       00039.00000    155.6000       1
00391       00039.10000    156.0000       1
00392       00039.20000    156.4000       1
00393       00039.30000    156.8000       1
00394       00039.40000    157.2000       1
00395       00039.50000    157.6000       1
00396       00039.60000    158.0000       1
00397       00039.70000    158.4000       1
00398       00039.80000    158.8000       1
00399       00039.90000    159.2000       1
00400       00040.00000    159.6000       1
00401       00040.10000    160.0000       1
00402       00040.20000    160.4000       1
00403       00040.30000    160.8000       1
00404       00040.40000    161.2000       1
00405       00040.50000    161.6000       1
00406       00040.60000    162.0000       1
00407       00040.70000    162.4000       1
00408       00040.80000    162.8000       1
00409       00040.90000    163.2000       1
00410       00041.00000    163.6000       1
00411       00041.10000    164.0000       1
00412       00041.20000    164.4000       1
00413       00041.30000    164.8000       1
00414       00041.40000    165.2000       1
00415       00041.50000    165.6000       1
00416       00041.60000    166.0000       1
00417       00041.70000    166.4000       1
00418       00041.80000    166.8000       1
00419       00041.90000    167.2000       1
00420       00042.00000    167.6000       1
00421       00042.10000    168.0000       1
00422       00042.20000    168.4000       1
00423       00042.30000    168.8000       1
00424       00042.40000    169.2000       1
00425       00042.50000    169.6000       1
00426       00042.60000    170.0000       1
00427       00042.70000    170.4000       1
00428       00042.80000    170.8000       1
00429       00042.90000    171.2000       1
00430       00043.00000    171.6000       1
00431       00043.10000    172.0000       1
00432       00043.20000    172.4000       1
00433       00043.30000    172.8000       1
00434       00043.40000    173.2000       1
00435       00043.50000    173.6000       1
00436       00043.60000    174.0000       1
00437       00043.70000    174.4000       1
00438       00043.80000    174.8000       1
00439       00043.90000    175.2000       1
00440       00044.00000    175.6000       1
00441       00044.10000    176.0000       1
00442       00044.20000    176.4000       1
00443       00044.30000    176.8000       1
00444       00044.40000    177.2000       1
00445       00044.50000    177.6000       1
00446       00044.60000    178.0000       1
00447       00044.70000    178.4000       1
00448       00044.80000    178.8000       1
00449       00044.90000    179.2000       1
00450       00045.00000    179.6000       1
00451       00045.10000    180.0000       1
00452       00045.20000    180.0000       0



00453       00045.30000    180.4000       0
00454       00045.40000    180.4000       1
