00001       00000.10000    000.0000       0
00002       00000.20000    000.1000       1
00003       00000.30000    000.2000       1
00004       00000.40000    000.3000       1
00005       00000.50000    000.4000       1
00006       00000.60000    000.5000       1
00007       00000.70000    000.6000       1
00008       00000.80000    000.7000       1
00009       00000.90000    000.8000       1
00010       00001.00000    000.9000       1
00011       00001.10000    001.0000       1
00012       00001.20000    001.1000       1
00013       00001.30000    001.2000       1
00014       00001.40000    001.3000       1
00015       00001.50000    001.4000       1
00016       00001.60000    001.5000       1
00017       00001.70000    001.6000       1
00018       00001.80000    001.7000       1
00019       00001.90000    001.8000       1
00020       00002.00000    001.9000       1
00021       00002.10000    002.0000       1
00022       00002.20000    002.1000       1
00023       00002.30000    002.2000       1
00024       00002.40000    002.3000       1
00025       00002.50000    002.4000       1
00026       00002.60000    002.5000       1
00027       00002.70000    002.6000       1
00028       00002.80000    002.7000       1
00029       00002.90000    002.8000       1
00030       00003.00000    002.9000       1
00031       00003.10000    003.0000       1
00032       00003.20000    003.1000       1
00033       00003.30000    003.2000       1
00034       00003.40000    003.3000       1
00035       00003.50000    003.4000       1
00036       00003.60000    003.5000       1
00037       00003.70000    003.6000       1
00038       00003.80000    003.7000       1
00039       00003.90000    003.8000       1
00040       00004.00000    003.9000       1
00041       00004.10000    004.0000       1
00042       00004.20000    004.1000       1
00043       00004.30000    004.2000       1
00044       00004.40000    004.3000       1
00045       00004.50000    004.4000       1
00046       00004.60000    004.5000       1
00047       00004.70000    004.6000       1
00048       00004.80000    004.7000       1
00049       00004.90000    004.8000       1
00050       00005.00000    004.9000       1
00051       00005.10000    005.0000       1
00052       00005.20000    005.1000       1
00053       00005.30000    005.2000       1
00054       00005.40000    005.3000       1
00055       00005.50000    005.4000       1
00056       00005.60000    005.5000       1
00057       00005.70000    005.6000       1
00058       00005.80000    005.7000       1
00059       00005.90000    005.8000       1
00060       00006.00000    005.9000       1
00061       00006.10000    006.0000       1
00062       00006.20000    006.1000       1
00063       00006.30000    006.2000       1
00064       00006.40000    006.3000       1
00065       00006.50000    006.4000       1
00066       00006.60000    006.5000       1
00067       00006.70000    006.6000       1
00068       00006.80000    006.7000       1
00069       00006.90000    006.8000       1
00070       00007.00000    006.9000       1
00071       00007.10000    007.0000       1
00072       00007.20000    007.1000       1
00073       00007.30000    007.2000       1
00074       00007.40000    007.3000       1
00075       00007.50000    007.4000       1
00076       00007.60000    007.5000       1
00077       00007.70000    007.6000       1
00078       00007.80000    007.7000       1
00079       00007.90000    007.8000       1
00080       00008.00000    007.9000       1
00081       00008.10000    008.0000       1
00082       00008.20000    008.1000       1
00083       00008.30000    008.2000       1
00084       00008.40000    008.3000       1
00085       00008.50000    008.4000       1
00086       00008.60000    008.5000       1
00087       00008.70000    008.6000       1
00088       00008.80000    008.7000       1
00089       00008.90000    008.8000       1
00090       00009.00000    008.9000       1
00091       00009.10000    009.0000       1
00092       00009.20000    009.1000       1
00093       00009.30000    009.2000       1
00094       00009.40000    009.3000       1
00095       00009.50000    009.4000       1
00096       00009.60000    009.5000       1
00097       00009.70000    009.6000       1
00098       00009.80000    009.7000       1
00099       00009.90000    009.8000       1
00100       00010.00000    009.9000       1
00101       00010.10000    010.0000       1
00102       00010.20000    010.1000       1
00103       00010.30000    010.2000       1
00104       00010.40000    010.3000       1
00105       00010.50000    010.4000       1
00106       00010.60000    010.5000       1
00107       00010.70000    010.6000       1
00108       00010.80000    010.7000       1
00109       00010.90000    010.8000       1
00110       00011.00000    010.9000       1
00111       00011.10000    011.0000       1
00112       00011.20000    011.1000       1
00113       00011.30000    011.2000       1
00114       00011.40000    011.3000       1
00115       00011.50000    011.4000       1
00116       00011.60000    011.5000       1
00117       00011.70000    011.6000       1
00118       00011.80000    011.7000       1
00119       00011.90000    011.8000       1
00120       00012.00000    011.9000       1
00121       00012.10000    012.0000       1
00122       00012.20000    012.1000       1
00123       00012.30000    012.2000       1
00124       00012.40000    012.3000       1
00125       00012.50000    012.4000       1
00126       00012.60000    012.5000       1
00127       00012.70000    012.6000       1
00128       00012.80000    012.7000       1
00129       00012.90000    012.8000       1
00130       00013.00000    012.9000       1
00131       00013.10000    013.0000       1
00132       00013.20000    013.1000       1
00133       00013.30000    013.2000       1
00134       00013.40000    013.3000       1
00135       00013.50000    013.4000       1
00136       00013.60000    013.5000       1
00137       00013.70000    013.6000       1
00138       00013.80000    013.7000       1
00139       00013.90000    013.8000       1
00140       00014.00000    013.9000       1
00141       00014.10000    014.0000       1
00142       00014.20000    014.1000       1
00143       00014.30000    014.2000       1
00144       00014.40000    014.3000       1
00145       00014.50000    014.4000       1
00146       00014.60000    014.5000       1
00147       00014.70000    014.6000       1
00148       00014.80000    014.7000       1
00149       00014.90000    014.8000       1
00150       00015.00000    014.9000       1
00151       00015.10000    015.0000       1
00152       00015.20000    015.1000       1
00153       00015.30000    015.2000       1
00154       00015.40000    015.3000       1
00155       00015.50000    015.4000       1
00156       00015.60000    015.5000       1
00157       00015.70000    015.6000       1
00158       00015.80000    015.7000       1
00159       00015.90000    015.8000       1
00160       00016.00000    015.9000       1
00161       00016.10000    016.0000       1
00162       00016.20000    016.1000       1
00163       00016.30000    016.2000       1
00164       00016.40000    016.3000       1
00165       00016.50000    016.4000       1
00166       00016.60000    016.5000       1
00167       00016.70000    016.6000       1
00168       00016.80000    016.7000       1
00169       00016.90000    016.8000       1
00170       00017.00000    016.9000       1
00171       00017.10000    017.0000       1
00172       00017.20000    017.1000       1
00173       00017.30000    017.2000       1
00174       00017.40000    017.3000       1
00175       00017.50000    017.4000       1
00176       00017.60000    017.5000       1
00177       00017.70000    017.6000       1
00178       00017.80000    017.7000       1
00179       00017.90000    017.8000       1
00180       00018.00000    017.9000       1
00181       00018.10000    018.0000       1
00182       00018.20000    018.1000       1
00183       00018.30000    018.2000       1
00184       00018.40000    018.3000       1
00185       00018.50000    018.4000       1
00186       00018.60000    018.5000       1
00187       00018.70000    018.6000       1
00188       00018.80000    018.7000       1
00189       00018.90000    018.8000       1
00190       00019.00000    018.9000       1
00191       00019.10000    019.0000       1
00192       00019.20000    019.1000       1
00193       00019.30000    019.2000       1
00194       00019.40000    019.3000       1
00195       00019.50000    019.4000       1
00196       00019.60000    019.5000       1
00197       00019.70000    019.6000       1
00198       00019.80000    019.7000       1
00199       00019.90000    019.8000       1
00200       00020.00000    019.9000       1
00201       00020.10000    020.0000       1
00202       00020.20000    020.1000       1
00203       00020.30000    020.2000       1
00204       00020.40000    020.3000       1
00205       00020.50000    020.4000       1
00206       00020.60000    020.5000       1
00207       00020.70000    020.6000       1
00208       00020.80000    020.7000       1
00209       00020.90000    020.8000       1
00210       00021.00000    020.9000       1
00211       00021.10000    021.0000       1
00212       00021.20000    021.1000       1
00213       00021.30000    021.2000       1
00214       00021.40000    021.3000       1
00215       00021.50000    021.4000       1
00216       00021.60000    021.5000       1
00217       00021.70000    021.6000       1
00218       00021.80000    021.7000       1
00219       00021.90000    021.8000       1
00220       00022.00000    021.9000       1
00221       00022.10000    022.0000       1
00222       00022.20000    022.1000       1
00223       00022.30000    022.2000       1
00224       00022.40000    022.3000       1
00225       00022.50000    022.4000       1
00226       00022.60000    022.5000       1
00227       00022.70000    022.6000       1
00228       00022.80000    022.7000       1
00229       00022.90000    022.8000       1
00230       00023.00000    022.9000       1
00231       00023.10000    023.0000       1
00232       00023.20000    023.1000       1
00233       00023.30000    023.2000       1
00234       00023.40000    023.3000       1
00235       00023.50000    023.4000       1
00236       00023.60000    023.5000       1
00237       00023.70000    023.6000       1
00238       00023.80000    023.7000       1
00239       00023.90000    023.8000       1
00240       00024.00000    023.9000       1
00241       00024.10000    024.0000       1
00242       00024.20000    024.1000       1
00243       00024.30000    024.2000       1
00244       00024.40000    024.3000       1
00245       00024.50000    024.4000       1
00246       00024.60000    024.5000       1
00247       00024.70000    024.6000       1
00248       00024.80000    024.7000       1
00249       00024.90000    024.8000       1
00250       00025.00000    024.9000       1
00251       00025.10000    025.0000       1
00252       00025.20000    025.1000       1
00253       00025.30000    025.2000       1
00254       00025.40000    025.3000       1
00255       00025.50000    025.4000       1
00256       00025.60000    025.5000       1
00257       00025.70000    025.6000       1
00258       00025.80000    025.7000       1
00259       00025.90000    025.8000       1
00260       00026.00000    025.9000       1
00261       00026.10000    026.0000       1
00262       00026.20000    026.1000       1
00263       00026.30000    026.2000       1
00264       00026.40000    026.3000       1
00265       00026.50000    026.4000       1
00266       00026.60000    026.5000       1
00267       00026.70000    026.6000       1
00268       00026.80000    026.7000       1
00269       00026.90000    026.8000       1
00270       00027.00000    026.9000       1
00271       00027.10000    027.0000       1
00272       00027.20000    027.1000       1
00273       00027.30000    027.2000       1
00274       00027.40000    027.3000       1
00275       00027.50000    027.4000       1
00276       00027.60000    027.5000       1
00277       00027.70000    027.6000       1
00278       00027.80000    027.7000       1
00279       00027.90000    027.8000       1
00280       00028.00000    027.9000       1
00281       00028.10000    028.0000       1
00282       00028.20000    028.1000       1
00283       00028.30000    028.2000       1
00284       00028.40000    028.3000       1
00285       00028.50000    028.4000       1
00286       00028.60000    028.5000       1
00287       00028.70000    028.6000       1
00288       00028.80000    028.7000       1
00289       00028.90000    028.8000       1
00290       00029.00000    028.9000       1
00291       00029.10000    029.0000       1
00292       00029.20000    029.1000       1
00293       00029.30000    029.2000       1
00294       00029.40000    029.3000       1
00295       00029.50000    029.4000       1
00296       00029.60000    029.5000       1
00297       00029.70000    029.6000       1
00298       00029.80000    029.7000       1
00299       00029.90000    029.8000       1
00300       00030.00000    029.9000       1
00301       00030.10000    030.0000       1
00302       00030.20000    030.1000       1
00303       00030.30000    030.2000       1
00304       00030.40000    030.3000       1
00305       00030.50000    030.4000       1
00306       00030.60000    030.5000       1
00307       00030.70000    030.6000       1
00308       00030.80000    030.7000       1
00309       00030.90000    030.8000       1
00310       00031.00000    030.9000       1
00311       00031.10000    031.0000       1
00312       00031.20000    031.1000       1
00313       00031.30000    031.2000       1
00314       00031.40000    031.3000       1
00315       00031.50000    031.4000       1
00316       00031.60000    031.5000       1
00317       00031.70000    031.6000       1
00318       00031.80000    031.7000       1
00319       00031.90000    031.8000       1
00320       00032.00000    031.9000       1
00321       00032.10000    032.0000       1
00322       00032.20000    032.1000       1
00323       00032.30000    032.2000       1
00324       00032.40000    032.3000       1
00325       00032.50000    032.4000       1
00326       00032.60000    032.5000       1
00327       00032.70000    032.6000       1
00328       00032.80000    032.7000       1
00329       00032.90000    032.8000       1
00330       00033.00000    032.9000       1
00331       00033.10000    033.0000       1
00332       00033.20000    033.1000       1
00333       00033.30000    033.2000       1
00334       00033.40000    033.3000       1
00335       00033.50000    033.4000       1
00336       00033.60000    033.5000       1
00337       00033.70000    033.6000       1
00338       00033.80000    033.7000       1
00339       00033.90000    033.8000       1
00340       00034.00000    033.9000       1
00341       00034.10000    034.0000       1
00342       00034.20000    034.1000       1
00343       00034.30000    034.2000       1
00344       00034.40000    034.3000       1
00345       00034.50000    034.4000       1
00346       00034.60000    034.5000       1
00347       00034.70000    034.6000       1
00348       00034.80000    034.7000       1
00349       00034.90000    034.8000       1
00350       00035.00000    034.9000       1
00351       00035.10000    035.0000       1
00352       00035.20000    035.1000       1
00353       00035.30000    035.2000       1
00354       00035.40000    035.3000       1
00355       00035.50000    035.4000       1
00356       00035.60000    035.5000       1
00357       00035.70000    035.6000       1
00358       00035.80000    035.7000       1
00359       00035.90000    035.8000       1
00360       00036.00000    035.9000       1
00361       00036.10000    036.0000       1
00362       00036.20000    036.1000       1
00363       00036.30000    036.2000       1
00364       00036.40000    036.3000       1
00365       00036.50000    036.4000       1
00366       00036.60000    036.5000       1
00367       00036.70000    036.6000       1
00368       00036.80000    036.7000       1
00369       00036.90000    036.8000       1
00370       00037.00000    036.9000       1
00371       00037.10000    037.0000       1
00372       00037.20000    037.1000       1
00373       00037.30000    037.2000       1
00374       00037.40000    037.3000       1
00375       00037.50000    037.4000       1
00376       00037.60000    037.5000       1
00377       00037.70000    037.6000       1
00378       00037.80000    037.7000       1
00379       00037.90000    037.8000       1
00380       00038.00000    037.9000       1
00381       00038.10000    038.0000       1
00382       00038.20000    038.1000       1
00383       00038.30000    038.2000       1
00384       00038.40000    038.3000       1
00385       00038.50000    038.4000       1
00386       00038.60000    038.5000       1
00387       00038.70000    038.6000       1
00388       00038.80000    038.7000       1
00389       00038.90000    038.8000       1
00390       00039.00000    038.9000       1
00391       00039.10000    039.0000       1
00392       00039.20000    039.1000       1
00393       00039.30000    039.2000       1
00394       00039.40000    039.3000       1
00395       00039.50000    039.4000       1
00396       00039.60000    039.5000       1
00397       00039.70000    039.6000       1
00398       00039.80000    039.7000       1
00399       00039.90000    039.8000       1
00400       00040.00000    039.9000       1
00401       00040.10000    040.0000       1
00402       00040.20000    040.1000       1
00403       00040.30000    040.2000       1
00404       00040.40000    040.3000       1
00405       00040.50000    040.4000       1
00406       00040.60000    040.5000       1
00407       00040.70000    040.6000       1
00408       00040.80000    040.7000       1
00409       00040.90000    040.8000       1
00410       00041.00000    040.9000       1
00411       00041.10000    041.0000       1
00412       00041.20000    041.1000       1
00413       00041.30000    041.2000       1
00414       00041.40000    041.3000       1
00415       00041.50000    041.4000       1
00416       00041.60000    041.5000       1
00417       00041.70000    041.6000       1
00418       00041.80000    041.7000       1
00419       00041.90000    041.8000       1
00420       00042.00000    041.9000       1
00421       00042.10000    042.0000       1
00422       00042.20000    042.1000       1
00423       00042.30000    042.2000       1
00424       00042.40000    042.3000       1
00425       00042.50000    042.4000       1
00426       00042.60000    042.5000       1
00427       00042.70000    042.6000       1
00428       00042.80000    042.7000       1
00429       00042.90000    042.8000       1
00430       00043.00000    042.9000       1
00431       00043.10000    043.0000       1
00432       00043.20000    043.1000       1
00433       00043.30000    043.2000       1
00434       00043.40000    043.3000       1
00435       00043.50000    043.4000       1
00436       00043.60000    043.5000       1
00437       00043.70000    043.6000       1
00438       00043.80000    043.7000       1
00439       00043.90000    043.8000       1
00440       00044.00000    043.9000       1
00441       00044.10000    044.0000       1
00442       00044.20000    044.1000       1
00443       00044.30000    044.2000       1
00444       00044.40000    044.3000       1
00445       00044.50000    044.4000       1
00446       00044.60000    044.5000       1
00447       00044.70000    044.6000       1
00448       00044.80000    044.7000       1
00449       00044.90000    044.8000       1
00450       00045.00000    044.9000       1
00451       00045.10000    045.0000       1
00452       00045.20000    045.1000       1
00453       00045.30000    045.2000       1
00454       00045.40000    045.3000       1
00455       00045.50000    045.4000       1
00456       00045.60000    045.5000       1
00457       00045.70000    045.6000       1
00458       00045.80000    045.7000       1
00459       00045.90000    045.8000       1
00460       00046.00000    045.9000       1
00461       00046.10000    046.0000       1
00462       00046.20000    046.1000       1
00463       00046.30000    046.2000       1
00464       00046.40000    046.3000       1
00465       00046.50000    046.4000       1
00466       00046.60000    046.5000       1
00467       00046.70000    046.6000       1
00468       00046.80000    046.7000       1
00469       00046.90000    046.8000       1
00470       00047.00000    046.9000       1
00471       00047.10000    047.0000       1
00472       00047.20000    047.1000       1
00473       00047.30000    047.2000       1
00474       00047.40000    047.3000       1
00475       00047.50000    047.4000       1
00476       00047.60000    047.5000       1
00477       00047.70000    047.6000       1
00478       00047.80000    047.7000       1
00479       00047.90000    047.8000       1
00480       00048.00000    047.9000       1
00481       00048.10000    048.0000       1
00482       00048.20000    048.1000       1
00483       00048.30000    048.2000       1
00484       00048.40000    048.3000       1
00485       00048.50000    048.4000       1
00486       00048.60000    048.5000       1
00487       00048.70000    048.6000       1
00488       00048.80000    048.7000       1
00489       00048.90000    048.8000       1
00490       00049.00000    048.9000       1
00491       00049.10000    049.0000       1
00492       00049.20000    049.1000       1
00493       00049.30000    049.2000       1
00494       00049.40000    049.3000       1
00495       00049.50000    049.4000       1
00496       00049.60000    049.5000       1
00497       00049.70000    049.6000       1
00498       00049.80000    049.7000       1
00499       00049.90000    049.8000       1
00500       00050.00000    049.9000       1
00501       00050.10000    050.0000       1
00502       00050.20000    050.1000       1
00503       00050.30000    050.2000       1
00504       00050.40000    050.3000       1
00505       00050.50000    050.4000       1
00506       00050.60000    050.5000       1
00507       00050.70000    050.6000       1
00508       00050.80000    050.7000       1
00509       00050.90000    050.8000       1
00510       00051.00000    050.9000       1
00511       00051.10000    051.0000       1
00512       00051.20000    051.1000       1
00513       00051.30000    051.2000       1
00514       00051.40000    051.3000       1
00515       00051.50000    051.4000       1
00516       00051.60000    051.5000       1
00517       00051.70000    051.6000       1
00518       00051.80000    051.7000       1
00519       00051.90000    051.8000       1
00520       00052.00000    051.9000       1
00521       00052.10000    052.0000       1
00522       00052.20000    052.1000       1
00523       00052.30000    052.2000       1
00524       00052.40000    052.3000       1
00525       00052.50000    052.4000       1
00526       00052.60000    052.5000       1
00527       00052.70000    052.6000       1
00528       00052.80000    052.7000       1
00529       00052.90000    052.8000       1
00530       00053.00000    052.9000       1
00531       00053.10000    053.0000       1
00532       00053.20000    053.1000       1
00533       00053.30000    053.2000       1
00534       00053.40000    053.3000       1
00535       00053.50000    053.4000       1
00536       00053.60000    053.5000       1
00537       00053.70000    053.6000       1
00538       00053.80000    053.7000       1
00539       00053.90000    053.8000       1
00540       00054.00000    053.9000       1
00541       00054.10000    054.0000       1
00542       00054.20000    054.1000       1
00543       00054.30000    054.2000       1
00544       00054.40000    054.3000       1
00545       00054.50000    054.4000       1
00546       00054.60000    054.5000       1
00547       00054.70000    054.6000       1
00548       00054.80000    054.7000       1
00549       00054.90000    054.8000       1
00550       00055.00000    054.9000       1
00551       00055.10000    055.0000       1
00552       00055.20000    055.1000       1
00553       00055.30000    055.2000       1
00554       00055.40000    055.3000       1
00555       00055.50000    055.4000       1
00556       00055.60000    055.5000       1
00557       00055.70000    055.6000       1
00558       00055.80000    055.7000       1
00559       00055.90000    055.8000       1
00560       00056.00000    055.9000       1
00561       00056.10000    056.0000       1
00562       00056.20000    056.1000       1
00563       00056.30000    056.2000       1
00564       00056.40000    056.3000       1
00565       00056.50000    056.4000       1
00566       00056.60000    056.5000       1
00567       00056.70000    056.6000       1
00568       00056.80000    056.7000       1
00569       00056.90000    056.8000       1
00570       00057.00000    056.9000       1
00571       00057.10000    057.0000       1
00572       00057.20000    057.1000       1
00573       00057.30000    057.2000       1
00574       00057.40000    057.3000       1
00575       00057.50000    057.4000       1
00576       00057.60000    057.5000       1
00577       00057.70000    057.6000       1
00578       00057.80000    057.7000       1
00579       00057.90000    057.8000       1
00580       00058.00000    057.9000       1
00581       00058.10000    058.0000       1
00582       00058.20000    058.1000       1
00583       00058.30000    058.2000       1
00584       00058.40000    058.3000       1
00585       00058.50000    058.4000       1
00586       00058.60000    058.5000       1
00587       00058.70000    058.6000       1
00588       00058.80000    058.7000       1
00589       00058.90000    058.8000       1
00590       00059.00000    058.9000       1
00591       00059.10000    059.0000       1
00592       00059.20000    059.1000       1
00593       00059.30000    059.2000       1
00594       00059.40000    059.3000       1
00595       00059.50000    059.4000       1
00596       00059.60000    059.5000       1
00597       00059.70000    059.6000       1
00598       00059.80000    059.7000       1
00599       00059.90000    059.8000       1
00600       00060.00000    059.9000       1
00601       00060.10000    060.0000       1
00602       00060.20000    060.1000       1
00603       00060.30000    060.2000       1
00604       00060.40000    060.3000       1
00605       00060.50000    060.4000       1
00606       00060.60000    060.5000       1
00607       00060.70000    060.6000       1
00608       00060.80000    060.7000       1
00609       00060.90000    060.8000       1
00610       00061.00000    060.9000       1
00611       00061.10000    061.0000       1
00612       00061.20000    061.1000       1
00613       00061.30000    061.2000       1
00614       00061.40000    061.3000       1
00615       00061.50000    061.4000       1
00616       00061.60000    061.5000       1
00617       00061.70000    061.6000       1
00618       00061.80000    061.7000       1
00619       00061.90000    061.8000       1
00620       00062.00000    061.9000       1
00621       00062.10000    062.0000       1
00622       00062.20000    062.1000       1
00623       00062.30000    062.2000       1
00624       00062.40000    062.3000       1
00625       00062.50000    062.4000       1
00626       00062.60000    062.5000       1
00627       00062.70000    062.6000       1
00628       00062.80000    062.7000       1
00629       00062.90000    062.8000       1
00630       00063.00000    062.9000       1
00631       00063.10000    063.0000       1
00632       00063.20000    063.1000       1
00633       00063.30000    063.2000       1
00634       00063.40000    063.3000       1
00635       00063.50000    063.4000       1
00636       00063.60000    063.5000       1
00637       00063.70000    063.6000       1
00638       00063.80000    063.7000       1
00639       00063.90000    063.8000       1
00640       00064.00000    063.9000       1
00641       00064.10000    064.0000       1
00642       00064.20000    064.1000       1
00643       00064.30000    064.2000       1
00644       00064.40000    064.3000       1
00645       00064.50000    064.4000       1
00646       00064.60000    064.5000       1
00647       00064.70000    064.6000       1
00648       00064.80000    064.7000       1
00649       00064.90000    064.8000       1
00650       00065.00000    064.9000       1
00651       00065.10000    065.0000       1
00652       00065.20000    065.1000       1
00653       00065.30000    065.2000       1
00654       00065.40000    065.3000       1
00655       00065.50000    065.4000       1
00656       00065.60000    065.5000       1
00657       00065.70000    065.6000       1
00658       00065.80000    065.7000       1
00659       00065.90000    065.8000       1
00660       00066.00000    065.9000       1
00661       00066.10000    066.0000       1
00662       00066.20000    066.1000       1
00663       00066.30000    066.2000       1
00664       00066.40000    066.3000       1
00665       00066.50000    066.4000       1
00666       00066.60000    066.5000       1
00667       00066.70000    066.6000       1
00668       00066.80000    066.7000       1
00669       00066.90000    066.8000       1
00670       00067.00000    066.9000       1
00671       00067.10000    067.0000       1
00672       00067.20000    067.1000       1
00673       00067.30000    067.2000       1
00674       00067.40000    067.3000       1
00675       00067.50000    067.4000       1
00676       00067.60000    067.5000       1
00677       00067.70000    067.6000       1
00678       00067.80000    067.7000       1
00679       00067.90000    067.8000       1
00680       00068.00000    067.9000       1
00681       00068.10000    068.0000       1
00682       00068.20000    068.1000       1
00683       00068.30000    068.2000       1
00684       00068.40000    068.3000       1
00685       00068.50000    068.4000       1
00686       00068.60000    068.5000       1
00687       00068.70000    068.6000       1
00688       00068.80000    068.7000       1
00689       00068.90000    068.8000       1
00690       00069.00000    068.9000       1
00691       00069.10000    069.0000       1
00692       00069.20000    069.1000       1
00693       00069.30000    069.2000       1
00694       00069.40000    069.3000       1
00695       00069.50000    069.4000       1
00696       00069.60000    069.5000       1
00697       00069.70000    069.6000       1
00698       00069.80000    069.7000       1
00699       00069.90000    069.8000       1
00700       00070.00000    069.9000       1
00701       00070.10000    070.0000       1
00702       00070.20000    070.1000       1
00703       00070.30000    070.2000       1
00704       00070.40000    070.3000       1
00705       00070.50000    070.4000       1
00706       00070.60000    070.5000       1
00707       00070.70000    070.6000       1
00708       00070.80000    070.7000       1
00709       00070.90000    070.8000       1
00710       00071.00000    070.9000       1
00711       00071.10000    071.0000       1
00712       00071.20000    071.1000       1
00713       00071.30000    071.2000       1
00714       00071.40000    071.3000       1
00715       00071.50000    071.4000       1
00716       00071.60000    071.5000       1
00717       00071.70000    071.6000       1
00718       00071.80000    071.7000       1
00719       00071.90000    071.8000       1
00720       00072.00000    071.9000       1
00721       00072.10000    072.0000       1
00722       00072.20000    072.1000       1
00723       00072.30000    072.2000       1
00724       00072.40000    072.3000       1
00725       00072.50000    072.4000       1
00726       00072.60000    072.5000       1
00727       00072.70000    072.6000       1
00728       00072.80000    072.7000       1
00729       00072.90000    072.8000       1
00730       00073.00000    072.9000       1
00731       00073.10000    073.0000       1
00732       00073.20000    073.1000       1
00733       00073.30000    073.2000       1
00734       00073.40000    073.3000       1
00735       00073.50000    073.4000       1
00736       00073.60000    073.5000       1
00737       00073.70000    073.6000       1
00738       00073.80000    073.7000       1
00739       00073.90000    073.8000       1
00740       00074.00000    073.9000       1
00741       00074.10000    074.0000       1
00742       00074.20000    074.1000       1
00743       00074.30000    074.2000       1
00744       00074.40000    074.3000       1
00745       00074.50000    074.4000       1
00746       00074.60000    074.5000       1
00747       00074.70000    074.6000       1
00748       00074.80000    074.7000       1
00749       00074.90000    074.8000       1
00750       00075.00000    074.9000       1
00751       00075.10000    075.0000       1
00752       00075.20000    075.1000       1
00753       00075.30000    075.2000       1
00754       00075.40000    075.3000       1
00755       00075.50000    075.4000       1
00756       00075.60000    075.5000       1
00757       00075.70000    075.6000       1
00758       00075.80000    075.7000       1
00759       00075.90000    075.8000       1
00760       00076.00000    075.9000       1
00761       00076.10000    076.0000       1
00762       00076.20000    076.1000       1
00763       00076.30000    076.2000       1
00764       00076.40000    076.3000       1
00765       00076.50000    076.4000       1
00766       00076.60000    076.5000       1
00767       00076.70000    076.6000       1
00768       00076.80000    076.7000       1
00769       00076.90000    076.8000       1
00770       00077.00000    076.9000       1
00771       00077.10000    077.0000       1
00772       00077.20000    077.1000       1
00773       00077.30000    077.2000       1
00774       00077.40000    077.3000       1
00775       00077.50000    077.4000       1
00776       00077.60000    077.5000       1
00777       00077.70000    077.6000       1
00778       00077.80000    077.7000       1
00779       00077.90000    077.8000       1
00780       00078.00000    077.9000       1
00781       00078.10000    078.0000       1
00782       00078.20000    078.1000       1
00783       00078.30000    078.2000       1
00784       00078.40000    078.3000       1
00785       00078.50000    078.4000       1
00786       00078.60000    078.5000       1
00787       00078.70000    078.6000       1
00788       00078.80000    078.7000       1
00789       00078.90000    078.8000       1
00790       00079.00000    078.9000       1
00791       00079.10000    079.0000       1
00792       00079.20000    079.1000       1
00793       00079.30000    079.2000       1
00794       00079.40000    079.3000       1
00795       00079.50000    079.4000       1
00796       00079.60000    079.5000       1
00797       00079.70000    079.6000       1
00798       00079.80000    079.7000       1
00799       00079.90000    079.8000       1
00800       00080.00000    079.9000       1
00801       00080.10000    080.0000       1
00802       00080.20000    080.1000       1
00803       00080.30000    080.2000       1
00804       00080.40000    080.3000       1
00805       00080.50000    080.4000       1
00806       00080.60000    080.5000       1
00807       00080.70000    080.6000       1
00808       00080.80000    080.7000       1
00809       00080.90000    080.8000       1
00810       00081.00000    080.9000       1
00811       00081.10000    081.0000       1
00812       00081.20000    081.1000       1
00813       00081.30000    081.2000       1
00814       00081.40000    081.3000       1
00815       00081.50000    081.4000       1
00816       00081.60000    081.5000       1
00817       00081.70000    081.6000       1
00818       00081.80000    081.7000       1
00819       00081.90000    081.8000       1
00820       00082.00000    081.9000       1
00821       00082.10000    082.0000       1
00822       00082.20000    082.1000       1
00823       00082.30000    082.2000       1
00824       00082.40000    082.3000       1
00825       00082.50000    082.4000       1
00826       00082.60000    082.5000       1
00827       00082.70000    082.6000       1
00828       00082.80000    082.7000       1
00829       00082.90000    082.8000       1
00830       00083.00000    082.9000       1
00831       00083.10000    083.0000       1
00832       00083.20000    083.1000       1
00833       00083.30000    083.2000       1
00834       00083.40000    083.3000       1
00835       00083.50000    083.4000       1
00836       00083.60000    083.5000       1
00837       00083.70000    083.6000       1
00838       00083.80000    083.7000       1
00839       00083.90000    083.8000       1
00840       00084.00000    083.9000       1
00841       00084.10000    084.0000       1
00842       00084.20000    084.1000       1
00843       00084.30000    084.2000       1
00844       00084.40000    084.3000       1
00845       00084.50000    084.4000       1
00846       00084.60000    084.5000       1
00847       00084.70000    084.6000       1
00848       00084.80000    084.7000       1
00849       00084.90000    084.8000       1
00850       00085.00000    084.9000       1
00851       00085.10000    085.0000       1
00852       00085.20000    085.1000       1
00853       00085.30000    085.2000       1
00854       00085.40000    085.3000       1
00855       00085.50000    085.4000       1
00856       00085.60000    085.5000       1
00857       00085.70000    085.6000       1
00858       00085.80000    085.7000       1
00859       00085.90000    085.8000       1
00860       00086.00000    085.9000       1
00861       00086.10000    086.0000       1
00862       00086.20000    086.1000       1
00863       00086.30000    086.2000       1
00864       00086.40000    086.3000       1
00865       00086.50000    086.4000       1
00866       00086.60000    086.5000       1
00867       00086.70000    086.6000       1
00868       00086.80000    086.7000       1
00869       00086.90000    086.8000       1
00870       00087.00000    086.9000       1
00871       00087.10000    087.0000       1
00872       00087.20000    087.1000       1
00873       00087.30000    087.2000       1
00874       00087.40000    087.3000       1
00875       00087.50000    087.4000       1
00876       00087.60000    087.5000       1
00877       00087.70000    087.6000       1
00878       00087.80000    087.7000       1
00879       00087.90000    087.8000       1
00880       00088.00000    087.9000       1
00881       00088.10000    088.0000       1
00882       00088.20000    088.1000       1
00883       00088.30000    088.2000       1
00884       00088.40000    088.3000       1
00885       00088.50000    088.4000       1
00886       00088.60000    088.5000       1
00887       00088.70000    088.6000       1
00888       00088.80000    088.7000       1
00889       00088.90000    088.8000       1
00890       00089.00000    088.9000       1
00891       00089.10000    089.0000       1
00892       00089.20000    089.1000       1
00893       00089.30000    089.2000       1
00894       00089.40000    089.3000       1
00895       00089.50000    089.4000       1
00896       00089.60000    089.5000       1
00897       00089.70000    089.6000       1
00898       00089.80000    089.7000       1
00899       00089.90000    089.8000       1
00900       00090.00000    089.9000       1
00901       00090.10000    090.0000       1
00902       00090.20000    090.1000       1
00903       00090.30000    090.2000       1
00904       00090.40000    090.3000       1
00905       00090.50000    090.4000       1
00906       00090.60000    090.5000       1
00907       00090.70000    090.6000       1
00908       00090.80000    090.7000       1
00909       00090.90000    090.8000       1
00910       00091.00000    090.9000       1
00911       00091.10000    091.0000       1
00912       00091.20000    091.1000       1
00913       00091.30000    091.2000       1
00914       00091.40000    091.3000       1
00915       00091.50000    091.4000       1
00916       00091.60000    091.5000       1
00917       00091.70000    091.6000       1
00918       00091.80000    091.7000       1
00919       00091.90000    091.8000       1
00920       00092.00000    091.9000       1
00921       00092.10000    092.0000       1
00922       00092.20000    092.1000       1
00923       00092.30000    092.2000       1
00924       00092.40000    092.3000       1
00925       00092.50000    092.4000       1
00926       00092.60000    092.5000       1
00927       00092.70000    092.6000       1
00928       00092.80000    092.7000       1
00929       00092.90000    092.8000       1
00930       00093.00000    092.9000       1
00931       00093.10000    093.0000       1
00932       00093.20000    093.1000       1
00933       00093.30000    093.2000       1
00934       00093.40000    093.3000       1
00935       00093.50000    093.4000       1
00936       00093.60000    093.5000       1
00937       00093.70000    093.6000       1
00938       00093.80000    093.7000       1
00939       00093.90000    093.8000       1
00940       00094.00000    093.9000       1
00941       00094.10000    094.0000       1
00942       00094.20000    094.1000       1
00943       00094.30000    094.2000       1
00944       00094.40000    094.3000       1
00945       00094.50000    094.4000       1
00946       00094.60000    094.5000       1
00947       00094.70000    094.6000       1
00948       00094.80000    094.7000       1
00949       00094.90000    094.8000       1
00950       00095.00000    094.9000       1
00951       00095.10000    095.0000       1
00952       00095.20000    095.1000       1
00953       00095.30000    095.2000       1
00954       00095.40000    095.3000       1
00955       00095.50000    095.4000       1
00956       00095.60000    095.5000       1
00957       00095.70000    095.6000       1
00958       00095.80000    095.7000       1
00959       00095.90000    095.8000       1
00960       00096.00000    095.9000       1
00961       00096.10000    096.0000       1
00962       00096.20000    096.1000       1
00963       00096.30000    096.2000       1
00964       00096.40000    096.3000       1
00965       00096.50000    096.4000       1
00966       00096.60000    096.5000       1
00967       00096.70000    096.6000       1
00968       00096.80000    096.7000       1
00969       00096.90000    096.8000       1
00970       00097.00000    096.9000       1
00971       00097.10000    097.0000       1
00972       00097.20000    097.1000       1
00973       00097.30000    097.2000       1
00974       00097.40000    097.3000       1
00975       00097.50000    097.4000       1
00976       00097.60000    097.5000       1
00977       00097.70000    097.6000       1
00978       00097.80000    097.7000       1
00979       00097.90000    097.8000       1
00980       00098.00000    097.9000       1
00981       00098.10000    098.0000       1
00982       00098.20000    098.1000       1
00983       00098.30000    098.2000       1
00984       00098.40000    098.3000       1
00985       00098.50000    098.4000       1
00986       00098.60000    098.5000       1
00987       00098.70000    098.6000       1
00988       00098.80000    098.7000       1
00989       00098.90000    098.8000       1
00990       00099.00000    098.9000       1
00991       00099.10000    099.0000       1
00992       00099.20000    099.1000       1
00993       00099.30000    099.2000       1
00994       00099.40000    099.3000       1
00995       00099.50000    099.4000       1
00996       00099.60000    099.5000       1
00997       00099.70000    099.6000       1
00998       00099.80000    099.7000       1
00999       00099.90000    099.8000       1
01000       00100.00000    099.9000       1
01001       00100.10000    100.0000       1
01002       00100.20000    100.1000       1
01003       00100.30000    100.2000       1
01004       00100.40000    100.3000       1
01005       00100.50000    100.4000       1
01006       00100.60000    100.5000       1
01007       00100.70000    100.6000       1
01008       00100.80000    100.7000       1
01009       00100.90000    100.8000       1
01010       00101.00000    100.9000       1
01011       00101.10000    101.0000       1
01012       00101.20000    101.1000       1
01013       00101.30000    101.2000       1
01014       00101.40000    101.3000       1
01015       00101.50000    101.4000       1
01016       00101.60000    101.5000       1
01017       00101.70000    101.6000       1
01018       00101.80000    101.7000       1
01019       00101.90000    101.8000       1
01020       00102.00000    101.9000       1
01021       00102.10000    102.0000       1
01022       00102.20000    102.1000       1
01023       00102.30000    102.2000       1
01024       00102.40000    102.3000       1
01025       00102.50000    102.4000       1
01026       00102.60000    102.5000       1
01027       00102.70000    102.6000       1
01028       00102.80000    102.7000       1
01029       00102.90000    102.8000       1
01030       00103.00000    102.9000       1
01031       00103.10000    103.0000       1
01032       00103.20000    103.1000       1
01033       00103.30000    103.2000       1
01034       00103.40000    103.3000       1
01035       00103.50000    103.4000       1
01036       00103.60000    103.5000       1
01037       00103.70000    103.6000       1
01038       00103.80000    103.7000       1
01039       00103.90000    103.8000       1
01040       00104.00000    103.9000       1
01041       00104.10000    104.0000       1
01042       00104.20000    104.1000       1
01043       00104.30000    104.2000       1
01044       00104.40000    104.3000       1
01045       00104.50000    104.4000       1
01046       00104.60000    104.5000       1
01047       00104.70000    104.6000       1
01048       00104.80000    104.7000       1
01049       00104.90000    104.8000       1
01050       00105.00000    104.9000       1
01051       00105.10000    105.0000       1
01052       00105.20000    105.1000       1
01053       00105.30000    105.2000       1
01054       00105.40000    105.3000       1
01055       00105.50000    105.4000       1
01056       00105.60000    105.5000       1
01057       00105.70000    105.6000       1
01058       00105.80000    105.7000       1
01059       00105.90000    105.8000       1
01060       00106.00000    105.9000       1
01061       00106.10000    106.0000       1
01062       00106.20000    106.1000       1
01063       00106.30000    106.2000       1
01064       00106.40000    106.3000       1
01065       00106.50000    106.4000       1
01066       00106.60000    106.5000       1
01067       00106.70000    106.6000       1
01068       00106.80000    106.7000       1
01069       00106.90000    106.8000       1
01070       00107.00000    106.9000       1
01071       00107.10000    107.0000       1
01072       00107.20000    107.1000       1
01073       00107.30000    107.2000       1
01074       00107.40000    107.3000       1
01075       00107.50000    107.4000       1
01076       00107.60000    107.5000       1
01077       00107.70000    107.6000       1
01078       00107.80000    107.7000       1
01079       00107.90000    107.8000       1
01080       00108.00000    107.9000       1
01081       00108.10000    108.0000       1
01082       00108.20000    108.1000       1
01083       00108.30000    108.2000       1
01084       00108.40000    108.3000       1
01085       00108.50000    108.4000       1
01086       00108.60000    108.5000       1
01087       00108.70000    108.6000       1
01088       00108.80000    108.7000       1
01089       00108.90000    108.8000       1
01090       00109.00000    108.9000       1
01091       00109.10000    109.0000       1
01092       00109.20000    109.1000       1
01093       00109.30000    109.2000       1
01094       00109.40000    109.3000       1
01095       00109.50000    109.4000       1
01096       00109.60000    109.5000       1
01097       00109.70000    109.6000       1
01098       00109.80000    109.7000       1
01099       00109.90000    109.8000       1
01100       00110.00000    109.9000       1
01101       00110.10000    110.0000       1
01102       00110.20000    110.1000       1
01103       00110.30000    110.2000       1
01104       00110.40000    110.3000       1
01105       00110.50000    110.4000       1
01106       00110.60000    110.5000       1
01107       00110.70000    110.6000       1
01108       00110.80000    110.7000       1
01109       00110.90000    110.8000       1
01110       00111.00000    110.9000       1
01111       00111.10000    111.0000       1
01112       00111.20000    111.1000       1
01113       00111.30000    111.2000       1
01114       00111.40000    111.3000       1
01115       00111.50000    111.4000       1
01116       00111.60000    111.5000       1
01117       00111.70000    111.6000       1
01118       00111.80000    111.7000       1
01119       00111.90000    111.8000       1
01120       00112.00000    111.9000       1
01121       00112.10000    112.0000       1
01122       00112.20000    112.1000       1
01123       00112.30000    112.2000       1
01124       00112.40000    112.3000       1
01125       00112.50000    112.4000       1
01126       00112.60000    112.5000       1
01127       00112.70000    112.6000       1
01128       00112.80000    112.7000       1
01129       00112.90000    112.8000       1
01130       00113.00000    112.9000       1
01131       00113.10000    113.0000       1
01132       00113.20000    113.1000       1
01133       00113.30000    113.2000       1
01134       00113.40000    113.3000       1
01135       00113.50000    113.4000       1
01136       00113.60000    113.5000       1
01137       00113.70000    113.6000       1
01138       00113.80000    113.7000       1
01139       00113.90000    113.8000       1
01140       00114.00000    113.9000       1
01141       00114.10000    114.0000       1
01142       00114.20000    114.1000       1
01143       00114.30000    114.2000       1
01144       00114.40000    114.3000       1
01145       00114.50000    114.4000       1
01146       00114.60000    114.5000       1
01147       00114.70000    114.6000       1
01148       00114.80000    114.7000       1
01149       00114.90000    114.8000       1
01150       00115.00000    114.9000       1
01151       00115.10000    115.0000       1
01152       00115.20000    115.1000       1
01153       00115.30000    115.2000       1
01154       00115.40000    115.3000       1
01155       00115.50000    115.4000       1
01156       00115.60000    115.5000       1
01157       00115.70000    115.6000       1
01158       00115.80000    115.7000       1
01159       00115.90000    115.8000       1
01160       00116.00000    115.9000       1
01161       00116.10000    116.0000       1
01162       00116.20000    116.1000       1
01163       00116.30000    116.2000       1
01164       00116.40000    116.3000       1
01165       00116.50000    116.4000       1
01166       00116.60000    116.5000       1
01167       00116.70000    116.6000       1
01168       00116.80000    116.7000       1
01169       00116.90000    116.8000       1
01170       00117.00000    116.9000       1
01171       00117.10000    117.0000       1
01172       00117.20000    117.1000       1
01173       00117.30000    117.2000       1
01174       00117.40000    117.3000       1
01175       00117.50000    117.4000       1
01176       00117.60000    117.5000       1
01177       00117.70000    117.6000       1
01178       00117.80000    117.7000       1
01179       00117.90000    117.8000       1
01180       00118.00000    117.9000       1
01181       00118.10000    118.0000       1
01182       00118.20000    118.1000       1
01183       00118.30000    118.2000       1
01184       00118.40000    118.3000       1
01185       00118.50000    118.4000       1
01186       00118.60000    118.5000       1
01187       00118.70000    118.6000       1
01188       00118.80000    118.7000       1
01189       00118.90000    118.8000       1
01190       00119.00000    118.9000       1
01191       00119.10000    119.0000       1
01192       00119.20000    119.1000       1
01193       00119.30000    119.2000       1
01194       00119.40000    119.3000       1
01195       00119.50000    119.4000       1
01196       00119.60000    119.5000       1
01197       00119.70000    119.6000       1
01198       00119.80000    119.7000       1
01199       00119.90000    119.8000       1
01200       00120.00000    119.9000       1
01201       00120.10000    120.0000       1
01202       00120.20000    120.1000       1
01203       00120.30000    120.2000       1
01204       00120.40000    120.3000       1
01205       00120.50000    120.4000       1
01206       00120.60000    120.5000       1
01207       00120.70000    120.6000       1
01208       00120.80000    120.7000       1
01209       00120.90000    120.8000       1
01210       00121.00000    120.9000       1
01211       00121.10000    121.0000       1
01212       00121.20000    121.1000       1
01213       00121.30000    121.2000       1
01214       00121.40000    121.3000       1
01215       00121.50000    121.4000       1
01216       00121.60000    121.5000       1
01217       00121.70000    121.6000       1
01218       00121.80000    121.7000       1
01219       00121.90000    121.8000       1
01220       00122.00000    121.9000       1
01221       00122.10000    122.0000       1
01222       00122.20000    122.1000       1
01223       00122.30000    122.2000       1
01224       00122.40000    122.3000       1
01225       00122.50000    122.4000       1
01226       00122.60000    122.5000       1
01227       00122.70000    122.6000       1
01228       00122.80000    122.7000       1
01229       00122.90000    122.8000       1
01230       00123.00000    122.9000       1
01231       00123.10000    123.0000       1
01232       00123.20000    123.1000       1
01233       00123.30000    123.2000       1
01234       00123.40000    123.3000       1
01235       00123.50000    123.4000       1
01236       00123.60000    123.5000       1
01237       00123.70000    123.6000       1
01238       00123.80000    123.7000       1
01239       00123.90000    123.8000       1
01240       00124.00000    123.9000       1
01241       00124.10000    124.0000       1
01242       00124.20000    124.1000       1
01243       00124.30000    124.2000       1
01244       00124.40000    124.3000       1
01245       00124.50000    124.4000       1
01246       00124.60000    124.5000       1
01247       00124.70000    124.6000       1
01248       00124.80000    124.7000       1
01249       00124.90000    124.8000       1
01250       00125.00000    124.9000       1
01251       00125.10000    125.0000       1
01252       00125.20000    125.1000       1
01253       00125.30000    125.2000       1
01254       00125.40000    125.3000       1
01255       00125.50000    125.4000       1
01256       00125.60000    125.5000       1
01257       00125.70000    125.6000       1
01258       00125.80000    125.7000       1
01259       00125.90000    125.8000       1
01260       00126.00000    125.9000       1
01261       00126.10000    126.0000       1
01262       00126.20000    126.1000       1
01263       00126.30000    126.2000       1
01264       00126.40000    126.3000       1
01265       00126.50000    126.4000       1
01266       00126.60000    126.5000       1
01267       00126.70000    126.6000       1
01268       00126.80000    126.7000       1
01269       00126.90000    126.8000       1
01270       00127.00000    126.9000       1
01271       00127.10000    127.0000       1
01272       00127.20000    127.1000       1
01273       00127.30000    127.2000       1
01274       00127.40000    127.3000       1
01275       00127.50000    127.4000       1
01276       00127.60000    127.5000       1
01277       00127.70000    127.6000       1
01278       00127.80000    127.7000       1
01279       00127.90000    127.8000       1
01280       00128.00000    127.9000       1
01281       00128.10000    128.0000       1
01282       00128.20000    128.1000       1
01283       00128.30000    128.2000       1
01284       00128.40000    128.3000       1
01285       00128.50000    128.4000       1
01286       00128.60000    128.5000       1
01287       00128.70000    128.6000       1
01288       00128.80000    128.7000       1
01289       00128.90000    128.8000       1
01290       00129.00000    128.9000       1
01291       00129.10000    129.0000       1
01292       00129.20000    129.1000       1
01293       00129.30000    129.2000       1
01294       00129.40000    129.3000       1
01295       00129.50000    129.4000       1
01296       00129.60000    129.5000       1
01297       00129.70000    129.6000       1
01298       00129.80000    129.7000       1
01299       00129.90000    129.8000       1
01300       00130.00000    129.9000       1
01301       00130.10000    130.0000       1
01302       00130.20000    130.1000       1
01303       00130.30000    130.2000       1
01304       00130.40000    130.3000       1
01305       00130.50000    130.4000       1
01306       00130.60000    130.5000       1
01307       00130.70000    130.6000       1
01308       00130.80000    130.7000       1
01309       00130.90000    130.8000       1
01310       00131.00000    130.9000       1
01311       00131.10000    131.0000       1
01312       00131.20000    131.1000       1
01313       00131.30000    131.2000       1
01314       00131.40000    131.3000       1
01315       00131.50000    131.4000       1
01316       00131.60000    131.5000       1
01317       00131.70000    131.6000       1
01318       00131.80000    131.7000       1
01319       00131.90000    131.8000       1
01320       00132.00000    131.9000       1
01321       00132.10000    132.0000       1
01322       00132.20000    132.1000       1
01323       00132.30000    132.2000       1
01324       00132.40000    132.3000       1
01325       00132.50000    132.4000       1
01326       00132.60000    132.5000       1
01327       00132.70000    132.6000       1
01328       00132.80000    132.7000       1
01329       00132.90000    132.8000       1
01330       00133.00000    132.9000       1
01331       00133.10000    133.0000       1
01332       00133.20000    133.1000       1
01333       00133.30000    133.2000       1
01334       00133.40000    133.3000       1
01335       00133.50000    133.4000       1
01336       00133.60000    133.5000       1
01337       00133.70000    133.6000       1
01338       00133.80000    133.7000       1
01339       00133.90000    133.8000       1
01340       00134.00000    133.9000       1
01341       00134.10000    134.0000       1
01342       00134.20000    134.1000       1
01343       00134.30000    134.2000       1
01344       00134.40000    134.3000       1
01345       00134.50000    134.4000       1
01346       00134.60000    134.5000       1
01347       00134.70000    134.6000       1
01348       00134.80000    134.7000       1
01349       00134.90000    134.8000       1
01350       00135.00000    134.9000       1
01351       00135.10000    135.0000       1
01352       00135.20000    135.1000       1
01353       00135.30000    135.2000       1
01354       00135.40000    135.3000       1
01355       00135.50000    135.4000       1
01356       00135.60000    135.5000       1
01357       00135.70000    135.6000       1
01358       00135.80000    135.7000       1
01359       00135.90000    135.8000       1
01360       00136.00000    135.9000       1
01361       00136.10000    136.0000       1
01362       00136.20000    136.1000       1
01363       00136.30000    136.2000       1
01364       00136.40000    136.3000       1
01365       00136.50000    136.4000       1
01366       00136.60000    136.5000       1
01367       00136.70000    136.6000       1
01368       00136.80000    136.7000       1
01369       00136.90000    136.8000       1
01370       00137.00000    136.9000       1
01371       00137.10000    137.0000       1
01372       00137.20000    137.1000       1
01373       00137.30000    137.2000       1
01374       00137.40000    137.3000       1
01375       00137.50000    137.4000       1
01376       00137.60000    137.5000       1
01377       00137.70000    137.6000       1
01378       00137.80000    137.7000       1
01379       00137.90000    137.8000       1
01380       00138.00000    137.9000       1
01381       00138.10000    138.0000       1
01382       00138.20000    138.1000       1
01383       00138.30000    138.2000       1
01384       00138.40000    138.3000       1
01385       00138.50000    138.4000       1
01386       00138.60000    138.5000       1
01387       00138.70000    138.6000       1
01388       00138.80000    138.7000       1
01389       00138.90000    138.8000       1
01390       00139.00000    138.9000       1
01391       00139.10000    139.0000       1
01392       00139.20000    139.1000       1
01393       00139.30000    139.2000       1
01394       00139.40000    139.3000       1
01395       00139.50000    139.4000       1
01396       00139.60000    139.5000       1
01397       00139.70000    139.6000       1
01398       00139.80000    139.7000       1
01399       00139.90000    139.8000       1
01400       00140.00000    139.9000       1
01401       00140.10000    140.0000       1
01402       00140.20000    140.1000       1
01403       00140.30000    140.2000       1
01404       00140.40000    140.3000       1
01405       00140.50000    140.4000       1
01406       00140.60000    140.5000       1
01407       00140.70000    140.6000       1
01408       00140.80000    140.7000       1
01409       00140.90000    140.8000       1
01410       00141.00000    140.9000       1
01411       00141.10000    141.0000       1
01412       00141.20000    141.1000       1
01413       00141.30000    141.2000       1
01414       00141.40000    141.3000       1
01415       00141.50000    141.4000       1
01416       00141.60000    141.5000       1
01417       00141.70000    141.6000       1
01418       00141.80000    141.7000       1
01419       00141.90000    141.8000       1
01420       00142.00000    141.9000       1
01421       00142.10000    142.0000       1
01422       00142.20000    142.1000       1
01423       00142.30000    142.2000       1
01424       00142.40000    142.3000       1
01425       00142.50000    142.4000       1
01426       00142.60000    142.5000       1
01427       00142.70000    142.6000       1
01428       00142.80000    142.7000       1
01429       00142.90000    142.8000       1
01430       00143.00000    142.9000       1
01431       00143.10000    143.0000       1
01432       00143.20000    143.1000       1
01433       00143.30000    143.2000       1
01434       00143.40000    143.3000       1
01435       00143.50000    143.4000       1
01436       00143.60000    143.5000       1
01437       00143.70000    143.6000       1
01438       00143.80000    143.7000       1
01439       00143.90000    143.8000       1
01440       00144.00000    143.9000       1
01441       00144.10000    144.0000       1
01442       00144.20000    144.1000       1
01443       00144.30000    144.2000       1
01444       00144.40000    144.3000       1
01445       00144.50000    144.4000       1
01446       00144.60000    144.5000       1
01447       00144.70000    144.6000       1
01448       00144.80000    144.7000       1
01449       00144.90000    144.8000       1
01450       00145.00000    144.9000       1
01451       00145.10000    145.0000       1
01452       00145.20000    145.1000       1
01453       00145.30000    145.2000       1
01454       00145.40000    145.3000       1
01455       00145.50000    145.4000       1
01456       00145.60000    145.5000       1
01457       00145.70000    145.6000       1
01458       00145.80000    145.7000       1
01459       00145.90000    145.8000       1
01460       00146.00000    145.9000       1
01461       00146.10000    146.0000       1
01462       00146.20000    146.1000       1
01463       00146.30000    146.2000       1
01464       00146.40000    146.3000       1
01465       00146.50000    146.4000       1
01466       00146.60000    146.5000       1
01467       00146.70000    146.6000       1
01468       00146.80000    146.7000       1
01469       00146.90000    146.8000       1
01470       00147.00000    146.9000       1
01471       00147.10000    147.0000       1
01472       00147.20000    147.1000       1
01473       00147.30000    147.2000       1
01474       00147.40000    147.3000       1
01475       00147.50000    147.4000       1
01476       00147.60000    147.5000       1
01477       00147.70000    147.6000       1
01478       00147.80000    147.7000       1
01479       00147.90000    147.8000       1
01480       00148.00000    147.9000       1
01481       00148.10000    148.0000       1
01482       00148.20000    148.1000       1
01483       00148.30000    148.2000       1
01484       00148.40000    148.3000       1
01485       00148.50000    148.4000       1
01486       00148.60000    148.5000       1
01487       00148.70000    148.6000       1
01488       00148.80000    148.7000       1
01489       00148.90000    148.8000       1
01490       00149.00000    148.9000       1
01491       00149.10000    149.0000       1
01492       00149.20000    149.1000       1
01493       00149.30000    149.2000       1
01494       00149.40000    149.3000       1
01495       00149.50000    149.4000       1
01496       00149.60000    149.5000       1
01497       00149.70000    149.6000       1
01498       00149.80000    149.7000       1
01499       00149.90000    149.8000       1
01500       00150.00000    149.9000       1
01501       00150.10000    150.0000       1
01502       00150.20000    150.1000       1
01503       00150.30000    150.2000       1
01504       00150.40000    150.3000       1
01505       00150.50000    150.4000       1
01506       00150.60000    150.5000       1
01507       00150.70000    150.6000       1
01508       00150.80000    150.7000       1
01509       00150.90000    150.8000       1
01510       00151.00000    150.9000       1
01511       00151.10000    151.0000       1
01512       00151.20000    151.1000       1
01513       00151.30000    151.2000       1
01514       00151.40000    151.3000       1
01515       00151.50000    151.4000       1
01516       00151.60000    151.5000       1
01517       00151.70000    151.6000       1
01518       00151.80000    151.7000       1
01519       00151.90000    151.8000       1
01520       00152.00000    151.9000       1
01521       00152.10000    152.0000       1
01522       00152.20000    152.1000       1
01523       00152.30000    152.2000       1
01524       00152.40000    152.3000       1
01525       00152.50000    152.4000       1
01526       00152.60000    152.5000       1
01527       00152.70000    152.6000       1
01528       00152.80000    152.7000       1
01529       00152.90000    152.8000       1
01530       00153.00000    152.9000       1
01531       00153.10000    153.0000       1
01532       00153.20000    153.1000       1
01533       00153.30000    153.2000       1
01534       00153.40000    153.3000       1
01535       00153.50000    153.4000       1
01536       00153.60000    153.5000       1
01537       00153.70000    153.6000       1
01538       00153.80000    153.7000       1
01539       00153.90000    153.8000       1
01540       00154.00000    153.9000       1
01541       00154.10000    154.0000       1
01542       00154.20000    154.1000       1
01543       00154.30000    154.2000       1
01544       00154.40000    154.3000       1
01545       00154.50000    154.4000       1
01546       00154.60000    154.5000       1
01547       00154.70000    154.6000       1
01548       00154.80000    154.7000       1
01549       00154.90000    154.8000       1
01550       00155.00000    154.9000       1
01551       00155.10000    155.0000       1
01552       00155.20000    155.1000       1
01553       00155.30000    155.2000       1
01554       00155.40000    155.3000       1
01555       00155.50000    155.4000       1
01556       00155.60000    155.5000       1
01557       00155.70000    155.6000       1
01558       00155.80000    155.7000       1
01559       00155.90000    155.8000       1
01560       00156.00000    155.9000       1
01561       00156.10000    156.0000       1
01562       00156.20000    156.1000       1
01563       00156.30000    156.2000       1
01564       00156.40000    156.3000       1
01565       00156.50000    156.4000       1
01566       00156.60000    156.5000       1
01567       00156.70000    156.6000       1
01568       00156.80000    156.7000       1
01569       00156.90000    156.8000       1
01570       00157.00000    156.9000       1
01571       00157.10000    157.0000       1
01572       00157.20000    157.1000       1
01573       00157.30000    157.2000       1
01574       00157.40000    157.3000       1
01575       00157.50000    157.4000       1
01576       00157.60000    157.5000       1
01577       00157.70000    157.6000       1
01578       00157.80000    157.7000       1
01579       00157.90000    157.8000       1
01580       00158.00000    157.9000       1
01581       00158.10000    158.0000       1
01582       00158.20000    158.1000       1
01583       00158.30000    158.2000       1
01584       00158.40000    158.3000       1
01585       00158.50000    158.4000       1
01586       00158.60000    158.5000       1
01587       00158.70000    158.6000       1
01588       00158.80000    158.7000       1
01589       00158.90000    158.8000       1
01590       00159.00000    158.9000       1
01591       00159.10000    159.0000       1
01592       00159.20000    159.1000       1
01593       00159.30000    159.2000       1
01594       00159.40000    159.3000       1
01595       00159.50000    159.4000       1
01596       00159.60000    159.5000       1
01597       00159.70000    159.6000       1
01598       00159.80000    159.7000       1
01599       00159.90000    159.8000       1
01600       00160.00000    159.9000       1
01601       00160.10000    160.0000       1
01602       00160.20000    160.1000       1
01603       00160.30000    160.2000       1
01604       00160.40000    160.3000       1
01605       00160.50000    160.4000       1
01606       00160.60000    160.5000       1
01607       00160.70000    160.6000       1
01608       00160.80000    160.7000       1
01609       00160.90000    160.8000       1
01610       00161.00000    160.9000       1
01611       00161.10000    161.0000       1
01612       00161.20000    161.1000       1
01613       00161.30000    161.2000       1
01614       00161.40000    161.3000       1
01615       00161.50000    161.4000       1
01616       00161.60000    161.5000       1
01617       00161.70000    161.6000       1
01618       00161.80000    161.7000       1
01619       00161.90000    161.8000       1
01620       00162.00000    161.9000       1
01621       00162.10000    162.0000       1
01622       00162.20000    162.1000       1
01623       00162.30000    162.2000       1
01624       00162.40000    162.3000       1
01625       00162.50000    162.4000       1
01626       00162.60000    162.5000       1
01627       00162.70000    162.6000       1
01628       00162.80000    162.7000       1
01629       00162.90000    162.8000       1
01630       00163.00000    162.9000       1
01631       00163.10000    163.0000       1
01632       00163.20000    163.1000       1
01633       00163.30000    163.2000       1
01634       00163.40000    163.3000       1
01635       00163.50000    163.4000       1
01636       00163.60000    163.5000       1
01637       00163.70000    163.6000       1
01638       00163.80000    163.7000       1
01639       00163.90000    163.8000       1
01640       00164.00000    163.9000       1
01641       00164.10000    164.0000       1
01642       00164.20000    164.1000       1
01643       00164.30000    164.2000       1
01644       00164.40000    164.3000       1
01645       00164.50000    164.4000       1
01646       00164.60000    164.5000       1
01647       00164.70000    164.6000       1
01648       00164.80000    164.7000       1
01649       00164.90000    164.8000       1
01650       00165.00000    164.9000       1
01651       00165.10000    165.0000       1
01652       00165.20000    165.1000       1
01653       00165.30000    165.2000       1
01654       00165.40000    165.3000       1
01655       00165.50000    165.4000       1
01656       00165.60000    165.5000       1
01657       00165.70000    165.6000       1
01658       00165.80000    165.7000       1
01659       00165.90000    165.8000       1
01660       00166.00000    165.9000       1
01661       00166.10000    166.0000       1
01662       00166.20000    166.1000       1
01663       00166.30000    166.2000       1
01664       00166.40000    166.3000       1
01665       00166.50000    166.4000       1
01666       00166.60000    166.5000       1
01667       00166.70000    166.6000       1
01668       00166.80000    166.7000       1
01669       00166.90000    166.8000       1
01670       00167.00000    166.9000       1
01671       00167.10000    167.0000       1
01672       00167.20000    167.1000       1
01673       00167.30000    167.2000       1
01674       00167.40000    167.3000       1
01675       00167.50000    167.4000       1
01676       00167.60000    167.5000       1
01677       00167.70000    167.6000       1
01678       00167.80000    167.7000       1
01679       00167.90000    167.8000       1
01680       00168.00000    167.9000       1
01681       00168.10000    168.0000       1
01682       00168.20000    168.1000       1
01683       00168.30000    168.2000       1
01684       00168.40000    168.3000       1
01685       00168.50000    168.4000       1
01686       00168.60000    168.5000       1
01687       00168.70000    168.6000       1
01688       00168.80000    168.7000       1
01689       00168.90000    168.8000       1
01690       00169.00000    168.9000       1
01691       00169.10000    169.0000       1
01692       00169.20000    169.1000       1
01693       00169.30000    169.2000       1
01694       00169.40000    169.3000       1
01695       00169.50000    169.4000       1
01696       00169.60000    169.5000       1
01697       00169.70000    169.6000       1
01698       00169.80000    169.7000       1
01699       00169.90000    169.8000       1
01700       00170.00000    169.9000       1
01701       00170.10000    170.0000       1
01702       00170.20000    170.1000       1
01703       00170.30000    170.2000       1
01704       00170.40000    170.3000       1
01705       00170.50000    170.4000       1
01706       00170.60000    170.5000       1
01707       00170.70000    170.6000       1
01708       00170.80000    170.7000       1
01709       00170.90000    170.8000       1
01710       00171.00000    170.9000       1
01711       00171.10000    171.0000       1
01712       00171.20000    171.1000       1
01713       00171.30000    171.2000       1
01714       00171.40000    171.3000       1
01715       00171.50000    171.4000       1
01716       00171.60000    171.5000       1
01717       00171.70000    171.6000       1
01718       00171.80000    171.7000       1
01719       00171.90000    171.8000       1
01720       00172.00000    171.9000       1
01721       00172.10000    172.0000       1
01722       00172.20000    172.1000       1
01723       00172.30000    172.2000       1
01724       00172.40000    172.3000       1
01725       00172.50000    172.4000       1
01726       00172.60000    172.5000       1
01727       00172.70000    172.6000       1
01728       00172.80000    172.7000       1
01729       00172.90000    172.8000       1
01730       00173.00000    172.9000       1
01731       00173.10000    173.0000       1
01732       00173.20000    173.1000       1
01733       00173.30000    173.2000       1
01734       00173.40000    173.3000       1
01735       00173.50000    173.4000       1
01736       00173.60000    173.5000       1
01737       00173.70000    173.6000       1
01738       00173.80000    173.7000       1
01739       00173.90000    173.8000       1
01740       00174.00000    173.9000       1
01741       00174.10000    174.0000       1
01742       00174.20000    174.1000       1
01743       00174.30000    174.2000       1
01744       00174.40000    174.3000       1
01745       00174.50000    174.4000       1
01746       00174.60000    174.5000       1
01747       00174.70000    174.6000       1
01748       00174.80000    174.7000       1
01749       00174.90000    174.8000       1
01750       00175.00000    174.9000       1
01751       00175.10000    175.0000       1
01752       00175.20000    175.1000       1
01753       00175.30000    175.2000       1
01754       00175.40000    175.3000       1
01755       00175.50000    175.4000       1
01756       00175.60000    175.5000       1
01757       00175.70000    175.6000       1
01758       00175.80000    175.7000       1
01759       00175.90000    175.8000       1
01760       00176.00000    175.9000       1
01761       00176.10000    176.0000       1
01762       00176.20000    176.1000       1
01763       00176.30000    176.2000       1
01764       00176.40000    176.3000       1
01765       00176.50000    176.4000       1
01766       00176.60000    176.5000       1
01767       00176.70000    176.6000       1
01768       00176.80000    176.7000       1
01769       00176.90000    176.8000       1
01770       00177.00000    176.9000       1
01771       00177.10000    177.0000       1
01772       00177.20000    177.1000       1
01773       00177.30000    177.2000       1
01774       00177.40000    177.3000       1
01775       00177.50000    177.4000       1
01776       00177.60000    177.5000       1
01777       00177.70000    177.6000       1
01778       00177.80000    177.7000       1
01779       00177.90000    177.8000       1
01780       00178.00000    177.9000       1
01781       00178.10000    178.0000       1
01782       00178.20000    178.1000       1
01783       00178.30000    178.2000       1
01784       00178.40000    178.3000       1
01785       00178.50000    178.4000       1
01786       00178.60000    178.5000       1
01787       00178.70000    178.6000       1
01788       00178.80000    178.7000       1
01789       00178.90000    178.8000       1
01790       00179.00000    178.9000       1
01791       00179.10000    179.0000       1
01792       00179.20000    179.1000       1
01793       00179.30000    179.2000       1
01794       00179.40000    179.3000       1
01795       00179.50000    179.4000       1
01796       00179.60000    179.5000       1
01797       00179.70000    179.6000       1
01798       00179.80000    179.7000       1
01799       00179.90000    179.8000       1
01800       00180.00000    179.9000       1
01801       00180.10000    180.0000       1
01802       00180.20000    180.0000       0



01803       00180.30000    180.1000       0
01804       00180.40000    180.1000       1
